Using pre-set license
Built from '6000.0/release' branch; Version is '6000.0.35f1 (9a3bc604008a) revision 10107846'; Using compiler version '193933523'; Build Type 'Release'
OS: 'Windows 10  (10.0.19045) 64bit Professional' Language: 'ru' Physical Memory: 16221 MB
BatchMode: 1, IsHumanControllingUs: 0, StartBugReporterOnCrash: 0, Is64bit: 1, IsPro: 1

COMMAND LINE ARGUMENTS:
C:\Program Files\Unity\Hub\Editor\6000.0.35f1\Editor\Unity.exe
-adb2
-batchMode
-noUpm
-name
AssetImportWorker0
-projectPath
C:/Users/Savelii/Documents/GitHub/beton-blood/blyat
-logFile
Logs/AssetImportWorker0.log
-srvPort
51550
-job-worker-count
3
-background-job-worker-count
8
-gc-helper-count
1
Successfully changed project path to: C:/Users/Savelii/Documents/GitHub/beton-blood/blyat
C:/Users/Savelii/Documents/GitHub/beton-blood/blyat
[UnityMemory] Configuration Parameters - Can be set up in boot.config
    "memorysetup-bucket-allocator-granularity=16"
    "memorysetup-bucket-allocator-bucket-count=8"
    "memorysetup-bucket-allocator-block-size=33554432"
    "memorysetup-bucket-allocator-block-count=8"
    "memorysetup-main-allocator-block-size=16777216"
    "memorysetup-thread-allocator-block-size=16777216"
    "memorysetup-gfx-main-allocator-block-size=16777216"
    "memorysetup-gfx-thread-allocator-block-size=16777216"
    "memorysetup-cache-allocator-block-size=4194304"
    "memorysetup-typetree-allocator-block-size=2097152"
    "memorysetup-profiler-bucket-allocator-granularity=16"
    "memorysetup-profiler-bucket-allocator-bucket-count=8"
    "memorysetup-profiler-bucket-allocator-block-size=33554432"
    "memorysetup-profiler-bucket-allocator-block-count=8"
    "memorysetup-profiler-allocator-block-size=16777216"
    "memorysetup-profiler-editor-allocator-block-size=1048576"
    "memorysetup-temp-allocator-size-main=16777216"
    "memorysetup-job-temp-allocator-block-size=2097152"
    "memorysetup-job-temp-allocator-block-size-background=1048576"
    "memorysetup-job-temp-allocator-reduction-small-platforms=262144"
    "memorysetup-allocator-temp-initial-block-size-main=262144"
    "memorysetup-allocator-temp-initial-block-size-worker=262144"
    "memorysetup-temp-allocator-size-background-worker=32768"
    "memorysetup-temp-allocator-size-job-worker=262144"
    "memorysetup-temp-allocator-size-preload-manager=33554432"
    "memorysetup-temp-allocator-size-nav-mesh-worker=65536"
    "memorysetup-temp-allocator-size-audio-worker=65536"
    "memorysetup-temp-allocator-size-cloud-worker=32768"
    "memorysetup-temp-allocator-size-gi-baking-worker=262144"
    "memorysetup-temp-allocator-size-gi-baking-worker=262144"
    "memorysetup-temp-allocator-size-gi-baking-worker=262144"
    "memorysetup-temp-allocator-size-gi-baking-worker=262144"
    "memorysetup-temp-allocator-size-gi-baking-worker=262144"
    "memorysetup-temp-allocator-size-gfx=262144"
Player connection [19612]  Target information:

Player connection [19612]  * "[IP] 192.168.239.199 [Port] 0 [Flags] 2 [Guid] 2334537568 [EditorId] 2334537568 [Version] 1048832 [Id] WindowsEditor(7,DESKTOP-0J43N59) [Debug] 1 [PackageName] WindowsEditor [ProjectName] Editor" 

Player connection [19612] Host joined multi-casting on [225.0.0.222:54997]...
Player connection [19612] Host joined alternative multi-casting on [225.0.0.222:34997]...
JobSystem: Creating JobQueue using job-worker-count value 3
Input System module state changed to: Initialized.
[Physics::Module] Initialized fallback backend.
[Physics::Module] Id: 0xdecafbad
Library Redirect Path: Library/
[Physics::Module] Selected backend.
[Physics::Module] Name: PhysX
[Physics::Module] Id: 0xf2b8ea05
[Physics::Module] SDK Version: 4.1.2
[Physics::Module] Integration Version: 1.0.0
[Physics::Module] Threading Mode: Multi-Threaded
Refreshing native plugins compatible for Editor in 2.00 ms, found 3 plugins.
Preloading 0 native plugins for Editor in 0.00 ms.
Initialize engine version: 6000.0.35f1 (9a3bc604008a)
[Subsystems] Discovering subsystems at path C:/Program Files/Unity/Hub/Editor/6000.0.35f1/Editor/Data/Resources/UnitySubsystems
[Subsystems] Discovering subsystems at path C:/Users/Savelii/Documents/GitHub/beton-blood/blyat/Assets
GfxDevice: creating device client; kGfxThreadingModeNonThreaded
Direct3D:
    Version:  Direct3D 11.0 [level 11.1]
    Renderer: NVIDIA GeForce GTX 1650 (ID=0x1f99)
    Vendor:   NVIDIA
    VRAM:     3937 MB
    Driver:   32.0.15.6636
Initialize mono
Mono path[0] = 'C:/Program Files/Unity/Hub/Editor/6000.0.35f1/Editor/Data/Managed'
Mono path[1] = 'C:/Program Files/Unity/Hub/Editor/6000.0.35f1/Editor/Data/MonoBleedingEdge/lib/mono/unityjit-win32'
Mono config path = 'C:/Program Files/Unity/Hub/Editor/6000.0.35f1/Editor/Data/MonoBleedingEdge/etc'
Using monoOptions --debugger-agent=transport=dt_socket,embedding=1,server=y,suspend=n,address=127.0.0.1:56508
Begin MonoManager ReloadAssembly
Registering precompiled unity dll's ...
Register platform support module: C:/Program Files/Unity/Hub/Editor/6000.0.35f1/Editor/Data/PlaybackEngines/WebGLSupport/UnityEditor.WebGL.Extensions.dll
Register platform support module: C:/Program Files/Unity/Hub/Editor/6000.0.35f1/Editor/Data/PlaybackEngines/WindowsStandaloneSupport/UnityEditor.WindowsStandalone.Extensions.dll
Registered in 0.004737 seconds.
- Loaded All Assemblies, in  0.539 seconds
Native extension for WindowsStandalone target not found
Native extension for WebGL target not found
Mono: successfully reloaded assembly
- Finished resetting the current domain, in  0.424 seconds
Domain Reload Profiling: 960ms
	BeginReloadAssembly (166ms)
		ExecutionOrderSort (0ms)
		DisableScriptedObjects (0ms)
		BackupInstance (0ms)
		ReleaseScriptingObjects (0ms)
		CreateAndSetChildDomain (1ms)
	RebuildCommonClasses (47ms)
	RebuildNativeTypeToScriptingClass (16ms)
	initialDomainReloadingComplete (63ms)
	LoadAllAssembliesAndSetupDomain (242ms)
		LoadAssemblies (164ms)
		RebuildTransferFunctionScriptingTraits (0ms)
		AnalyzeDomain (237ms)
			TypeCache.Refresh (236ms)
				TypeCache.ScanAssembly (214ms)
			BuildScriptInfoCaches (0ms)
			ResolveRequiredComponents (1ms)
	FinalizeReload (425ms)
		ReleaseScriptCaches (0ms)
		RebuildScriptCaches (0ms)
		SetupLoadedEditorAssemblies (378ms)
			LogAssemblyErrors (0ms)
			InitializePlatformSupportModulesInManaged (31ms)
			SetLoadedEditorAssemblies (6ms)
			BeforeProcessingInitializeOnLoad (71ms)
			ProcessInitializeOnLoadAttributes (200ms)
			ProcessInitializeOnLoadMethodAttributes (69ms)
			AfterProcessingInitializeOnLoad (0ms)
			EditorAssembliesLoaded (0ms)
		ExecutionOrderSort2 (0ms)
		AwakeInstancesAfterBackupRestoration (0ms)
========================================================================
Worker process is ready to serve import requests
Import Worker Mode flag is 0x00
Begin MonoManager ReloadAssembly
- Loaded All Assemblies, in  0.858 seconds
Refreshing native plugins compatible for Editor in 1.37 ms, found 3 plugins.
Native extension for WindowsStandalone target not found
Native extension for WebGL target not found
Mono: successfully reloaded assembly
- Finished resetting the current domain, in  0.775 seconds
Domain Reload Profiling: 1628ms
	BeginReloadAssembly (212ms)
		ExecutionOrderSort (0ms)
		DisableScriptedObjects (8ms)
		BackupInstance (0ms)
		ReleaseScriptingObjects (0ms)
		CreateAndSetChildDomain (33ms)
	RebuildCommonClasses (50ms)
	RebuildNativeTypeToScriptingClass (15ms)
	initialDomainReloadingComplete (49ms)
	LoadAllAssembliesAndSetupDomain (526ms)
		LoadAssemblies (409ms)
		RebuildTransferFunctionScriptingTraits (0ms)
		AnalyzeDomain (249ms)
			TypeCache.Refresh (200ms)
				TypeCache.ScanAssembly (179ms)
			BuildScriptInfoCaches (39ms)
			ResolveRequiredComponents (5ms)
	FinalizeReload (775ms)
		ReleaseScriptCaches (0ms)
		RebuildScriptCaches (0ms)
		SetupLoadedEditorAssemblies (614ms)
			LogAssemblyErrors (0ms)
			InitializePlatformSupportModulesInManaged (3ms)
			SetLoadedEditorAssemblies (5ms)
			BeforeProcessingInitializeOnLoad (114ms)
			ProcessInitializeOnLoadAttributes (451ms)
			ProcessInitializeOnLoadMethodAttributes (30ms)
			AfterProcessingInitializeOnLoad (9ms)
			EditorAssembliesLoaded (0ms)
		ExecutionOrderSort2 (0ms)
		AwakeInstancesAfterBackupRestoration (8ms)
Launched and connected shader compiler UnityShaderCompiler.exe after 0.01 seconds
Refreshing native plugins compatible for Editor in 1.49 ms, found 3 plugins.
Preloading 0 native plugins for Editor in 0.00 ms.
Unloading 8 Unused Serialized files (Serialized files now loaded: 0)
Unloading 3689 unused Assets / (1.1 MB). Loaded Objects now: 4175.
Memory consumption went from 82.3 MB to 81.2 MB.
Total: 9.616900 ms (FindLiveObjects: 0.672800 ms CreateObjectMapping: 0.857900 ms MarkObjects: 5.975900 ms  DeleteObjects: 2.104000 ms)

========================================================================
Received Import Request.
  Time since last request: 6749.456425 seconds.
  path: Assets/models/kvartira/skaf_with_zerkalo/wood_table_001_rough_4k.jpg
  artifactKey: Guid(68bf3c0b0aa179a40adfaf4109a5f6eb) Importer(815301076,1909f56bfc062723c751e8b465ee728b)
Start importing Assets/models/kvartira/skaf_with_zerkalo/wood_table_001_rough_4k.jpg using Guid(68bf3c0b0aa179a40adfaf4109a5f6eb) Importer(815301076,1909f56bfc062723c751e8b465ee728b) (PreviewImporter) -> (artifact id: 'fd1c9f448da31cdf86e66e368b40fc8a') in 0.1193913 seconds
Number of updated asset objects reloaded before import = 0Number of asset objects unloaded after import = 2

========================================================================
Received Import Request.
  Time since last request: 0.000020 seconds.
  path: Assets/models/kvartira/skaf_with_zerkalo/wood_table_001_diff_4k.jpg
  artifactKey: Guid(c9a7caa6423166444b3924126de63a03) Importer(815301076,1909f56bfc062723c751e8b465ee728b)
Start importing Assets/models/kvartira/skaf_with_zerkalo/wood_table_001_diff_4k.jpg using Guid(c9a7caa6423166444b3924126de63a03) Importer(815301076,1909f56bfc062723c751e8b465ee728b) (PreviewImporter) -> (artifact id: 'bcbb36a36f3df4d9d4825d4c9eca2c78') in 0.0182745 seconds
Number of updated asset objects reloaded before import = 0Number of asset objects unloaded after import = 2

========================================================================
Received Import Request.
  Time since last request: 55.814532 seconds.
  path: Assets/models/kvartira/skaf_with_zerkalo/wood_table_001_nor_dx_4k.jpg
  artifactKey: Guid(669e1f12cf8da7445952c0e4e57d8fc4) Importer(815301076,1909f56bfc062723c751e8b465ee728b)
Start importing Assets/models/kvartira/skaf_with_zerkalo/wood_table_001_nor_dx_4k.jpg using Guid(669e1f12cf8da7445952c0e4e57d8fc4) Importer(815301076,1909f56bfc062723c751e8b465ee728b) (PreviewImporter) -> (artifact id: '035ba21c78ce89f9a7f84ed502ecec9b') in 0.0632564 seconds
Number of updated asset objects reloaded before import = 0Number of asset objects unloaded after import = 2

========================================================================
Received Import Request.
  Time since last request: 116.407452 seconds.
  path: Assets/models/kvartira/skaf_with_zerkalo/gold.mat
  artifactKey: Guid(235e387b81e5e154984b34f6285ab855) Importer(815301076,1909f56bfc062723c751e8b465ee728b)
Start importing Assets/models/kvartira/skaf_with_zerkalo/gold.mat using Guid(235e387b81e5e154984b34f6285ab855) Importer(815301076,1909f56bfc062723c751e8b465ee728b) (PreviewImporter) -> (artifact id: 'fb0f9f61a3532e624f6aeb956fce49b7') in 0.0714931 seconds
Number of updated asset objects reloaded before import = 0Number of asset objects unloaded after import = 1

========================================================================
Received Import Request.
  Time since last request: 69.125196 seconds.
  path: Assets/models/kvartira/skaf_with_zerkalo/New Folder
  artifactKey: Guid(0652632176e4b3047a700f88a491d682) Importer(815301076,1909f56bfc062723c751e8b465ee728b)
Start importing Assets/models/kvartira/skaf_with_zerkalo/New Folder using Guid(0652632176e4b3047a700f88a491d682) Importer(815301076,1909f56bfc062723c751e8b465ee728b) (PreviewImporter) -> (artifact id: '3d021b59a80c9bf95b9b317528daadb7') in 0.0005157 seconds
Number of updated asset objects reloaded before import = 0Number of asset objects unloaded after import = 0

========================================================================
Received Import Request.
  Time since last request: 9.410964 seconds.
  path: Assets/models/kvartira/skaf_with_zerkalo/mirror.mat
  artifactKey: Guid(254e7588d6b273245b981115c7365bc6) Importer(815301076,1909f56bfc062723c751e8b465ee728b)
Start importing Assets/models/kvartira/skaf_with_zerkalo/mirror.mat using Guid(254e7588d6b273245b981115c7365bc6) Importer(815301076,1909f56bfc062723c751e8b465ee728b) (PreviewImporter) -> (artifact id: 'e8b295c47a42e7080e70fcda7c1b8b08') in 0.0156453 seconds
Number of updated asset objects reloaded before import = 0Number of asset objects unloaded after import = 1

========================================================================
Received Import Request.
  Time since last request: 182.607887 seconds.
  path: Assets/models/kvartira/skaf_with_zerkalo/Materials
  artifactKey: Guid(8347dce3da77cf44bb13a268a040e099) Importer(815301076,1909f56bfc062723c751e8b465ee728b)
Start importing Assets/models/kvartira/skaf_with_zerkalo/Materials using Guid(8347dce3da77cf44bb13a268a040e099) Importer(815301076,1909f56bfc062723c751e8b465ee728b) (PreviewImporter) -> (artifact id: '4fa934a9282c109d913b74d56f61ed06') in 0.0006963 seconds
Number of updated asset objects reloaded before import = 0Number of asset objects unloaded after import = 0

========================================================================
Received Import Request.
  Time since last request: 0.063350 seconds.
  path: Assets/models/kvartira/skaf_with_zerkalo/Materials/New Custom Render Texture.mat
  artifactKey: Guid(d523352f308053d4cbe5a31ea622119a) Importer(815301076,1909f56bfc062723c751e8b465ee728b)
Start importing Assets/models/kvartira/skaf_with_zerkalo/Materials/New Custom Render Texture.mat using Guid(d523352f308053d4cbe5a31ea622119a) Importer(815301076,1909f56bfc062723c751e8b465ee728b) (PreviewImporter) -> (artifact id: '329573ca4797836b1ffb6213e2cee4ec') in 0.0169781 seconds
Number of updated asset objects reloaded before import = 0Number of asset objects unloaded after import = 2

========================================================================
Received Import Request.
  Time since last request: 418.056674 seconds.
  path: Assets/models/kvartira/skaf_with_zerkalo/gold.mat
  artifactKey: Guid(235e387b81e5e154984b34f6285ab855) Importer(815301076,1909f56bfc062723c751e8b465ee728b)
Start importing Assets/models/kvartira/skaf_with_zerkalo/gold.mat using Guid(235e387b81e5e154984b34f6285ab855) Importer(815301076,1909f56bfc062723c751e8b465ee728b) (PreviewImporter) -> (artifact id: 'e3105a951f77e870922becd4aee8af05') in 0.0188897 seconds
Number of updated asset objects reloaded before import = 0Number of asset objects unloaded after import = 1

