Using pre-set license
Built from '6000.0/release' branch; Version is '6000.0.35f1 (9a3bc604008a) revision 10107846'; Using compiler version '193933523'; Build Type 'Release'
OS: 'Windows 10  (10.0.19045) 64bit Professional' Language: 'ru' Physical Memory: 16221 MB
BatchMode: 1, IsHumanControllingUs: 0, StartBugReporterOnCrash: 0, Is64bit: 1, IsPro: 1

COMMAND LINE ARGUMENTS:
C:\Program Files\Unity\Hub\Editor\6000.0.35f1\Editor\Unity.exe
-adb2
-batchMode
-noUpm
-name
AssetImportWorker1
-projectPath
C:/Users/Savelii/Documents/GitHub/beton-blood/blyat
-logFile
Logs/AssetImportWorker1.log
-srvPort
60645
-job-worker-count
3
-background-job-worker-count
8
-gc-helper-count
1
Successfully changed project path to: C:/Users/Savelii/Documents/GitHub/beton-blood/blyat
C:/Users/Savelii/Documents/GitHub/beton-blood/blyat
[UnityMemory] Configuration Parameters - Can be set up in boot.config
    "memorysetup-bucket-allocator-granularity=16"
    "memorysetup-bucket-allocator-bucket-count=8"
    "memorysetup-bucket-allocator-block-size=33554432"
    "memorysetup-bucket-allocator-block-count=8"
    "memorysetup-main-allocator-block-size=16777216"
    "memorysetup-thread-allocator-block-size=16777216"
    "memorysetup-gfx-main-allocator-block-size=16777216"
    "memorysetup-gfx-thread-allocator-block-size=16777216"
    "memorysetup-cache-allocator-block-size=4194304"
    "memorysetup-typetree-allocator-block-size=2097152"
    "memorysetup-profiler-bucket-allocator-granularity=16"
    "memorysetup-profiler-bucket-allocator-bucket-count=8"
    "memorysetup-profiler-bucket-allocator-block-size=33554432"
    "memorysetup-profiler-bucket-allocator-block-count=8"
    "memorysetup-profiler-allocator-block-size=16777216"
    "memorysetup-profiler-editor-allocator-block-size=1048576"
    "memorysetup-temp-allocator-size-main=16777216"
    "memorysetup-job-temp-allocator-block-size=2097152"
    "memorysetup-job-temp-allocator-block-size-background=1048576"
    "memorysetup-job-temp-allocator-reduction-small-platforms=262144"
    "memorysetup-allocator-temp-initial-block-size-main=262144"
    "memorysetup-allocator-temp-initial-block-size-worker=262144"
    "memorysetup-temp-allocator-size-background-worker=32768"
    "memorysetup-temp-allocator-size-job-worker=262144"
    "memorysetup-temp-allocator-size-preload-manager=33554432"
    "memorysetup-temp-allocator-size-nav-mesh-worker=65536"
    "memorysetup-temp-allocator-size-audio-worker=65536"
    "memorysetup-temp-allocator-size-cloud-worker=32768"
    "memorysetup-temp-allocator-size-gi-baking-worker=262144"
    "memorysetup-temp-allocator-size-gi-baking-worker=262144"
    "memorysetup-temp-allocator-size-gi-baking-worker=262144"
    "memorysetup-temp-allocator-size-gi-baking-worker=262144"
    "memorysetup-temp-allocator-size-gi-baking-worker=262144"
    "memorysetup-temp-allocator-size-gfx=262144"
Player connection [19284]  Target information:

Player connection [19284]  * "[IP] 192.168.239.199 [Port] 0 [Flags] 2 [Guid] 1289885190 [EditorId] 1289885190 [Version] 1048832 [Id] WindowsEditor(7,DESKTOP-0J43N59) [Debug] 1 [PackageName] WindowsEditor [ProjectName] Editor" 

Player connection [19284] Host joined multi-casting on [225.0.0.222:54997]...
Player connection [19284] Host joined alternative multi-casting on [225.0.0.222:34997]...
JobSystem: Creating JobQueue using job-worker-count value 3
Input System module state changed to: Initialized.
[Physics::Module] Initialized fallback backend.
[Physics::Module] Id: 0xdecafbad
Library Redirect Path: Library/
[Physics::Module] Selected backend.
[Physics::Module] Name: PhysX
[Physics::Module] Id: 0xf2b8ea05
[Physics::Module] SDK Version: 4.1.2
[Physics::Module] Integration Version: 1.0.0
[Physics::Module] Threading Mode: Multi-Threaded
Refreshing native plugins compatible for Editor in 1.75 ms, found 3 plugins.
Preloading 0 native plugins for Editor in 0.00 ms.
Initialize engine version: 6000.0.35f1 (9a3bc604008a)
[Subsystems] Discovering subsystems at path C:/Program Files/Unity/Hub/Editor/6000.0.35f1/Editor/Data/Resources/UnitySubsystems
[Subsystems] Discovering subsystems at path C:/Users/Savelii/Documents/GitHub/beton-blood/blyat/Assets
GfxDevice: creating device client; kGfxThreadingModeNonThreaded
Direct3D:
    Version:  Direct3D 11.0 [level 11.1]
    Renderer: NVIDIA GeForce GTX 1650 (ID=0x1f99)
    Vendor:   NVIDIA
    VRAM:     3937 MB
    Driver:   32.0.15.6636
Initialize mono
Mono path[0] = 'C:/Program Files/Unity/Hub/Editor/6000.0.35f1/Editor/Data/Managed'
Mono path[1] = 'C:/Program Files/Unity/Hub/Editor/6000.0.35f1/Editor/Data/MonoBleedingEdge/lib/mono/unityjit-win32'
Mono config path = 'C:/Program Files/Unity/Hub/Editor/6000.0.35f1/Editor/Data/MonoBleedingEdge/etc'
Using monoOptions --debugger-agent=transport=dt_socket,embedding=1,server=y,suspend=n,address=127.0.0.1:56248
Begin MonoManager ReloadAssembly
Registering precompiled unity dll's ...
Register platform support module: C:/Program Files/Unity/Hub/Editor/6000.0.35f1/Editor/Data/PlaybackEngines/WebGLSupport/UnityEditor.WebGL.Extensions.dll
Register platform support module: C:/Program Files/Unity/Hub/Editor/6000.0.35f1/Editor/Data/PlaybackEngines/WindowsStandaloneSupport/UnityEditor.WindowsStandalone.Extensions.dll
Registered in 0.004764 seconds.
- Loaded All Assemblies, in  0.482 seconds
Native extension for WindowsStandalone target not found
Native extension for WebGL target not found
Mono: successfully reloaded assembly
- Finished resetting the current domain, in  0.409 seconds
Domain Reload Profiling: 889ms
	BeginReloadAssembly (160ms)
		ExecutionOrderSort (0ms)
		DisableScriptedObjects (0ms)
		BackupInstance (0ms)
		ReleaseScriptingObjects (0ms)
		CreateAndSetChildDomain (1ms)
	RebuildCommonClasses (43ms)
	RebuildNativeTypeToScriptingClass (14ms)
	initialDomainReloadingComplete (60ms)
	LoadAllAssembliesAndSetupDomain (202ms)
		LoadAssemblies (156ms)
		RebuildTransferFunctionScriptingTraits (0ms)
		AnalyzeDomain (199ms)
			TypeCache.Refresh (197ms)
				TypeCache.ScanAssembly (181ms)
			BuildScriptInfoCaches (0ms)
			ResolveRequiredComponents (1ms)
	FinalizeReload (410ms)
		ReleaseScriptCaches (0ms)
		RebuildScriptCaches (0ms)
		SetupLoadedEditorAssemblies (359ms)
			LogAssemblyErrors (0ms)
			InitializePlatformSupportModulesInManaged (31ms)
			SetLoadedEditorAssemblies (7ms)
			BeforeProcessingInitializeOnLoad (66ms)
			ProcessInitializeOnLoadAttributes (188ms)
			ProcessInitializeOnLoadMethodAttributes (67ms)
			AfterProcessingInitializeOnLoad (0ms)
			EditorAssembliesLoaded (0ms)
		ExecutionOrderSort2 (0ms)
		AwakeInstancesAfterBackupRestoration (0ms)
========================================================================
Worker process is ready to serve import requests
Import Worker Mode flag is 0x00
Begin MonoManager ReloadAssembly
- Loaded All Assemblies, in  0.822 seconds
Refreshing native plugins compatible for Editor in 1.29 ms, found 3 plugins.
Native extension for WindowsStandalone target not found
Native extension for WebGL target not found
Mono: successfully reloaded assembly
- Finished resetting the current domain, in  0.709 seconds
Domain Reload Profiling: 1525ms
	BeginReloadAssembly (211ms)
		ExecutionOrderSort (0ms)
		DisableScriptedObjects (8ms)
		BackupInstance (0ms)
		ReleaseScriptingObjects (0ms)
		CreateAndSetChildDomain (33ms)
	RebuildCommonClasses (47ms)
	RebuildNativeTypeToScriptingClass (15ms)
	initialDomainReloadingComplete (44ms)
	LoadAllAssembliesAndSetupDomain (499ms)
		LoadAssemblies (375ms)
		RebuildTransferFunctionScriptingTraits (0ms)
		AnalyzeDomain (254ms)
			TypeCache.Refresh (208ms)
				TypeCache.ScanAssembly (188ms)
			BuildScriptInfoCaches (35ms)
			ResolveRequiredComponents (6ms)
	FinalizeReload (709ms)
		ReleaseScriptCaches (0ms)
		RebuildScriptCaches (0ms)
		SetupLoadedEditorAssemblies (568ms)
			LogAssemblyErrors (0ms)
			InitializePlatformSupportModulesInManaged (5ms)
			SetLoadedEditorAssemblies (5ms)
			BeforeProcessingInitializeOnLoad (116ms)
			ProcessInitializeOnLoadAttributes (407ms)
			ProcessInitializeOnLoadMethodAttributes (27ms)
			AfterProcessingInitializeOnLoad (8ms)
			EditorAssembliesLoaded (0ms)
		ExecutionOrderSort2 (0ms)
		AwakeInstancesAfterBackupRestoration (8ms)
Launched and connected shader compiler UnityShaderCompiler.exe after 0.01 seconds
Refreshing native plugins compatible for Editor in 1.65 ms, found 3 plugins.
Preloading 0 native plugins for Editor in 0.00 ms.
Unloading 11 Unused Serialized files (Serialized files now loaded: 0)
Unloading 3697 unused Assets / (1.4 MB). Loaded Objects now: 4187.
Memory consumption went from 83.5 MB to 82.0 MB.
Total: 9.944500 ms (FindLiveObjects: 0.499700 ms CreateObjectMapping: 0.889100 ms MarkObjects: 6.899400 ms  DeleteObjects: 1.655000 ms)

========================================================================
Received Import Request.
  Time since last request: 33730.190923 seconds.
  path: Assets/models/kvartira/kuxnya/sink_citchen/M_Blue_Base_color.png
  artifactKey: Guid(b641fa6bcd48130438cc6828a2b9d69f) Importer(815301076,1909f56bfc062723c751e8b465ee728b)
Start importing Assets/models/kvartira/kuxnya/sink_citchen/M_Blue_Base_color.png using Guid(b641fa6bcd48130438cc6828a2b9d69f) Importer(815301076,1909f56bfc062723c751e8b465ee728b) (PreviewImporter) -> (artifact id: '45e36abe6247a93910ba5fdd9c5a9cec') in 0.0815032 seconds
Number of updated asset objects reloaded before import = 0Number of asset objects unloaded after import = 2

========================================================================
Received Import Request.
  Time since last request: 0.000014 seconds.
  path: Assets/models/kvartira/kuxnya/sink_citchen/M_Red_Base_color.png
  artifactKey: Guid(0672be48363abe94ca3e396da2adfb2f) Importer(815301076,1909f56bfc062723c751e8b465ee728b)
Start importing Assets/models/kvartira/kuxnya/sink_citchen/M_Red_Base_color.png using Guid(0672be48363abe94ca3e396da2adfb2f) Importer(815301076,1909f56bfc062723c751e8b465ee728b) (PreviewImporter) -> (artifact id: '4948875eb0845f3865dfb8aeadbff42d') in 0.0160866 seconds
Number of updated asset objects reloaded before import = 0Number of asset objects unloaded after import = 2

========================================================================
Received Import Request.
  Time since last request: 0.000037 seconds.
  path: Assets/models/kvartira/kuxnya/sink_citchen/M_Red_Normal.png
  artifactKey: Guid(e523beef1e1802b4291ec59ac34168b1) Importer(815301076,1909f56bfc062723c751e8b465ee728b)
Start importing Assets/models/kvartira/kuxnya/sink_citchen/M_Red_Normal.png using Guid(e523beef1e1802b4291ec59ac34168b1) Importer(815301076,1909f56bfc062723c751e8b465ee728b) (PreviewImporter) -> (artifact id: 'c78264754521fc690ea92c798c8c48fd') in 0.0089497 seconds
Number of updated asset objects reloaded before import = 0Number of asset objects unloaded after import = 2

========================================================================
Received Import Request.
  Time since last request: 0.000015 seconds.
  path: Assets/models/kvartira/kuxnya/sink_citchen/M_Red_Roughness.png
  artifactKey: Guid(ef82bce7ca564ff4d935ec3b2523aa97) Importer(815301076,1909f56bfc062723c751e8b465ee728b)
Start importing Assets/models/kvartira/kuxnya/sink_citchen/M_Red_Roughness.png using Guid(ef82bce7ca564ff4d935ec3b2523aa97) Importer(815301076,1909f56bfc062723c751e8b465ee728b) (PreviewImporter) -> (artifact id: 'd2e65279438bd2c57630615a3630075a') in 0.0179824 seconds
Number of updated asset objects reloaded before import = 0Number of asset objects unloaded after import = 2

========================================================================
Received Import Request.
  Time since last request: 0.000018 seconds.
  path: Assets/models/kvartira/kuxnya/sink_citchen/M_Blue_Normal_OpenGL.png
  artifactKey: Guid(c367f852f4f03e347a33231a56bb25c8) Importer(815301076,1909f56bfc062723c751e8b465ee728b)
Start importing Assets/models/kvartira/kuxnya/sink_citchen/M_Blue_Normal_OpenGL.png using Guid(c367f852f4f03e347a33231a56bb25c8) Importer(815301076,1909f56bfc062723c751e8b465ee728b) (PreviewImporter) -> (artifact id: '5349cec6511d9801c02e4bf8fa1ce455') in 0.0074832 seconds
Number of updated asset objects reloaded before import = 0Number of asset objects unloaded after import = 2

========================================================================
Received Import Request.
  Time since last request: 0.000017 seconds.
  path: Assets/models/kvartira/kuxnya/sink_citchen/M_Sink_Handle_Mixed_AO.png
  artifactKey: Guid(bb7afe4b6988db942a592b7a7be574d5) Importer(815301076,1909f56bfc062723c751e8b465ee728b)
Start importing Assets/models/kvartira/kuxnya/sink_citchen/M_Sink_Handle_Mixed_AO.png using Guid(bb7afe4b6988db942a592b7a7be574d5) Importer(815301076,1909f56bfc062723c751e8b465ee728b) (PreviewImporter) -> (artifact id: '3dced2f8cff0465e730e53d1820bbf63') in 0.0159154 seconds
Number of updated asset objects reloaded before import = 0Number of asset objects unloaded after import = 2

========================================================================
Received Import Request.
  Time since last request: 0.000017 seconds.
  path: Assets/models/kvartira/kuxnya/sink_citchen/M_Sink_Faucet_Normal.png
  artifactKey: Guid(f9d15850da2e7f743b3b4a69248ea802) Importer(815301076,1909f56bfc062723c751e8b465ee728b)
Start importing Assets/models/kvartira/kuxnya/sink_citchen/M_Sink_Faucet_Normal.png using Guid(f9d15850da2e7f743b3b4a69248ea802) Importer(815301076,1909f56bfc062723c751e8b465ee728b) (PreviewImporter) -> (artifact id: '6a70d2cf591985ca9989eecb6464cdb3') in 0.0193226 seconds
Number of updated asset objects reloaded before import = 0Number of asset objects unloaded after import = 2

========================================================================
Received Import Request.
  Time since last request: 0.000015 seconds.
  path: Assets/models/kvartira/kuxnya/sink_citchen/M_Red_Height.png
  artifactKey: Guid(25efcaf24728ccb43a0a5f9e0bd299f3) Importer(815301076,1909f56bfc062723c751e8b465ee728b)
Start importing Assets/models/kvartira/kuxnya/sink_citchen/M_Red_Height.png using Guid(25efcaf24728ccb43a0a5f9e0bd299f3) Importer(815301076,1909f56bfc062723c751e8b465ee728b) (PreviewImporter) -> (artifact id: 'fec4e2be9812d6cbd2a1831337928bbd') in 0.0063234 seconds
Number of updated asset objects reloaded before import = 0Number of asset objects unloaded after import = 2

========================================================================
Received Import Request.
  Time since last request: 0.000017 seconds.
  path: Assets/models/kvartira/kuxnya/sink_citchen/M_Blue_Roughness.png
  artifactKey: Guid(445085d3f02df9341a5baa860eab07fd) Importer(815301076,1909f56bfc062723c751e8b465ee728b)
Start importing Assets/models/kvartira/kuxnya/sink_citchen/M_Blue_Roughness.png using Guid(445085d3f02df9341a5baa860eab07fd) Importer(815301076,1909f56bfc062723c751e8b465ee728b) (PreviewImporter) -> (artifact id: 'e784c5c1e338c2efe875d284e26a3923') in 0.0146718 seconds
Number of updated asset objects reloaded before import = 0Number of asset objects unloaded after import = 2

========================================================================
Received Import Request.
  Time since last request: 0.000017 seconds.
  path: Assets/models/kvartira/kuxnya/sink_citchen/M_Blue_Normal.png
  artifactKey: Guid(84748bcaa96507145a26da736815b0d3) Importer(815301076,1909f56bfc062723c751e8b465ee728b)
Start importing Assets/models/kvartira/kuxnya/sink_citchen/M_Blue_Normal.png using Guid(84748bcaa96507145a26da736815b0d3) Importer(815301076,1909f56bfc062723c751e8b465ee728b) (PreviewImporter) -> (artifact id: 'ff8431d5655478098564965fb5a6ed0b') in 0.0092485 seconds
Number of updated asset objects reloaded before import = 0Number of asset objects unloaded after import = 2

========================================================================
Received Import Request.
  Time since last request: 0.000022 seconds.
  path: Assets/models/kvartira/kuxnya/sink_citchen/M_Red_Normal_OpenGL.png
  artifactKey: Guid(40a028558f9a0f24e94795f41afb0bf6) Importer(815301076,1909f56bfc062723c751e8b465ee728b)
Start importing Assets/models/kvartira/kuxnya/sink_citchen/M_Red_Normal_OpenGL.png using Guid(40a028558f9a0f24e94795f41afb0bf6) Importer(815301076,1909f56bfc062723c751e8b465ee728b) (PreviewImporter) -> (artifact id: '99b369128693ddaa324e88c9ea840510') in 0.008901 seconds
Number of updated asset objects reloaded before import = 0Number of asset objects unloaded after import = 2

========================================================================
Received Import Request.
  Time since last request: 0.000019 seconds.
  path: Assets/models/kvartira/kuxnya/sink_citchen/M_Sink_Handle_Metallic.png
  artifactKey: Guid(ea92340183a0f4443a1cd0b5c262faf9) Importer(815301076,1909f56bfc062723c751e8b465ee728b)
Start importing Assets/models/kvartira/kuxnya/sink_citchen/M_Sink_Handle_Metallic.png using Guid(ea92340183a0f4443a1cd0b5c262faf9) Importer(815301076,1909f56bfc062723c751e8b465ee728b) (PreviewImporter) -> (artifact id: '0358d7c6e5148d75d63d9e29d54c9a05') in 0.0092062 seconds
Number of updated asset objects reloaded before import = 0Number of asset objects unloaded after import = 2

========================================================================
Received Import Request.
  Time since last request: 0.000028 seconds.
  path: Assets/models/kvartira/kuxnya/sink_citchen
  artifactKey: Guid(1563595ab221aec488a9eaa95fd2af18) Importer(815301076,1909f56bfc062723c751e8b465ee728b)
Start importing Assets/models/kvartira/kuxnya/sink_citchen using Guid(1563595ab221aec488a9eaa95fd2af18) Importer(815301076,1909f56bfc062723c751e8b465ee728b) (PreviewImporter) -> (artifact id: 'dc697079203cd9f6a9646c062371b81f') in 0.0006317 seconds
Number of updated asset objects reloaded before import = 0Number of asset objects unloaded after import = 0

========================================================================
Received Import Request.
  Time since last request: 0.000032 seconds.
  path: Assets/models/kvartira/kuxnya/sink_citchen/M_Sink_Faucet_Roughness.png
  artifactKey: Guid(a927aa837fe8fed42afc8da9d93fde26) Importer(815301076,1909f56bfc062723c751e8b465ee728b)
Start importing Assets/models/kvartira/kuxnya/sink_citchen/M_Sink_Faucet_Roughness.png using Guid(a927aa837fe8fed42afc8da9d93fde26) Importer(815301076,1909f56bfc062723c751e8b465ee728b) (PreviewImporter) -> (artifact id: '18343e6a9834f89c73569e1659b23eab') in 0.0146684 seconds
Number of updated asset objects reloaded before import = 0Number of asset objects unloaded after import = 2

========================================================================
Received Import Request.
  Time since last request: 0.000018 seconds.
  path: Assets/models/kvartira/kuxnya/sink_citchen/M_Sink_Handle_Normal.png
  artifactKey: Guid(d0fec7732eccd2a4bbe6a7117d8dd37d) Importer(815301076,1909f56bfc062723c751e8b465ee728b)
Start importing Assets/models/kvartira/kuxnya/sink_citchen/M_Sink_Handle_Normal.png using Guid(d0fec7732eccd2a4bbe6a7117d8dd37d) Importer(815301076,1909f56bfc062723c751e8b465ee728b) (PreviewImporter) -> (artifact id: '24a5709f2df4e470526c5360a5ca2257') in 0.0065921 seconds
Number of updated asset objects reloaded before import = 0Number of asset objects unloaded after import = 2

========================================================================
Received Import Request.
  Time since last request: 0.000017 seconds.
  path: Assets/models/kvartira/kuxnya/sink_citchen/M_Sink_Height.png
  artifactKey: Guid(3aa339dec7c8a7947a75caf397cbc4c1) Importer(815301076,1909f56bfc062723c751e8b465ee728b)
Start importing Assets/models/kvartira/kuxnya/sink_citchen/M_Sink_Height.png using Guid(3aa339dec7c8a7947a75caf397cbc4c1) Importer(815301076,1909f56bfc062723c751e8b465ee728b) (PreviewImporter) -> (artifact id: '92ee9740f60a93605f5ac5c0806a21d7') in 0.0071512 seconds
Number of updated asset objects reloaded before import = 0Number of asset objects unloaded after import = 2

========================================================================
Received Import Request.
  Time since last request: 0.000017 seconds.
  path: Assets/models/kvartira/kuxnya/sink_citchen/M_Sink_Base_color.png
  artifactKey: Guid(c3b99e192a77d604695156de7fd646dc) Importer(815301076,1909f56bfc062723c751e8b465ee728b)
Start importing Assets/models/kvartira/kuxnya/sink_citchen/M_Sink_Base_color.png using Guid(c3b99e192a77d604695156de7fd646dc) Importer(815301076,1909f56bfc062723c751e8b465ee728b) (PreviewImporter) -> (artifact id: 'e4412f3154f2fe309c1060ecbf811bee') in 0.0160317 seconds
Number of updated asset objects reloaded before import = 0Number of asset objects unloaded after import = 2

========================================================================
Received Import Request.
  Time since last request: 0.396386 seconds.
  path: Assets/models/kvartira/kuxnya/sink_citchen/M_Sink_Normal.png
  artifactKey: Guid(1a3d067e930a20c45b866801e7c7b953) Importer(815301076,1909f56bfc062723c751e8b465ee728b)
Start importing Assets/models/kvartira/kuxnya/sink_citchen/M_Sink_Normal.png using Guid(1a3d067e930a20c45b866801e7c7b953) Importer(815301076,1909f56bfc062723c751e8b465ee728b) (PreviewImporter) -> (artifact id: 'cf54c7b15fb04e98855d539edad4d5fa') in 0.0071634 seconds
Number of updated asset objects reloaded before import = 0Number of asset objects unloaded after import = 2

========================================================================
Received Import Request.
  Time since last request: 0.000015 seconds.
  path: Assets/models/kvartira/kuxnya/sink_citchen/M_Sink_Pipe_Roughness.png
  artifactKey: Guid(858a14067a6efa9439ccc9e32cb28596) Importer(815301076,1909f56bfc062723c751e8b465ee728b)
Start importing Assets/models/kvartira/kuxnya/sink_citchen/M_Sink_Pipe_Roughness.png using Guid(858a14067a6efa9439ccc9e32cb28596) Importer(815301076,1909f56bfc062723c751e8b465ee728b) (PreviewImporter) -> (artifact id: '4d31186a4581a954d3e9ff3dda6f8443') in 0.0166034 seconds
Number of updated asset objects reloaded before import = 0Number of asset objects unloaded after import = 2

========================================================================
Received Import Request.
  Time since last request: 0.000021 seconds.
  path: Assets/models/kvartira/kuxnya/sink_citchen/M_Sink_Pipe_Normal.png
  artifactKey: Guid(c382bd8073e2e1946b2fe043a9314a4e) Importer(815301076,1909f56bfc062723c751e8b465ee728b)
Start importing Assets/models/kvartira/kuxnya/sink_citchen/M_Sink_Pipe_Normal.png using Guid(c382bd8073e2e1946b2fe043a9314a4e) Importer(815301076,1909f56bfc062723c751e8b465ee728b) (PreviewImporter) -> (artifact id: '2953b4858b151bb8e683ea36b8cac9dc') in 0.0093198 seconds
Number of updated asset objects reloaded before import = 0Number of asset objects unloaded after import = 2

========================================================================
Received Import Request.
  Time since last request: 0.000035 seconds.
  path: Assets/models/kvartira/kuxnya/sink_citchen/M_Sink_Pipe_Mixed_AO.png
  artifactKey: Guid(73b99916560ab3946b4c606d8c951b11) Importer(815301076,1909f56bfc062723c751e8b465ee728b)
Start importing Assets/models/kvartira/kuxnya/sink_citchen/M_Sink_Pipe_Mixed_AO.png using Guid(73b99916560ab3946b4c606d8c951b11) Importer(815301076,1909f56bfc062723c751e8b465ee728b) (PreviewImporter) -> (artifact id: '93ed2c944785c0681f74ee4d4517a467') in 0.0181927 seconds
Number of updated asset objects reloaded before import = 0Number of asset objects unloaded after import = 2

========================================================================
Received Import Request.
  Time since last request: 0.000056 seconds.
  path: Assets/models/kvartira/kuxnya/sink_citchen/M_Sink_Pipe_Normal_OpenGL.png
  artifactKey: Guid(f147afe0faa30ab46a1957e6e22bde78) Importer(815301076,1909f56bfc062723c751e8b465ee728b)
Start importing Assets/models/kvartira/kuxnya/sink_citchen/M_Sink_Pipe_Normal_OpenGL.png using Guid(f147afe0faa30ab46a1957e6e22bde78) Importer(815301076,1909f56bfc062723c751e8b465ee728b) (PreviewImporter) -> (artifact id: '5d6ea718ef759966520e9cf494e45c37') in 0.0070441 seconds
Number of updated asset objects reloaded before import = 0Number of asset objects unloaded after import = 2

========================================================================
Received Import Request.
  Time since last request: 0.110886 seconds.
  path: Assets/models/kvartira/kuxnya/sink_citchen/rakovina.fbx
  artifactKey: Guid(64d73b91fb9dc2b48b4298957dfca539) Importer(815301076,1909f56bfc062723c751e8b465ee728b)
Start importing Assets/models/kvartira/kuxnya/sink_citchen/rakovina.fbx using Guid(64d73b91fb9dc2b48b4298957dfca539) Importer(815301076,1909f56bfc062723c751e8b465ee728b) (PreviewImporter) -> (artifact id: '9a509ff77130fd696ae7e614275e201e') in 0.1471805 seconds
Number of updated asset objects reloaded before import = 0Number of asset objects unloaded after import = 13

========================================================================
Received Import Request.
  Time since last request: 170.238023 seconds.
  path: Assets/models/kvartira/kuxnya/Kuxonaya_plita/plita.fbx
  artifactKey: Guid(67660665c80b25348869d46f306726fa) Importer(815301076,1909f56bfc062723c751e8b465ee728b)
Start importing Assets/models/kvartira/kuxnya/Kuxonaya_plita/plita.fbx using Guid(67660665c80b25348869d46f306726fa) Importer(815301076,1909f56bfc062723c751e8b465ee728b) (PreviewImporter) -> (artifact id: 'e4db50aad2b8037e751bdc9467c395ae') in 0.0276808 seconds
Number of updated asset objects reloaded before import = 0Number of asset objects unloaded after import = 8

========================================================================
Received Import Request.
  Time since last request: 0.000019 seconds.
  path: Assets/models/kvartira/kuxnya/Kuxonaya_plita/T_House_Atlas_03_NRM.png
  artifactKey: Guid(49c63507cb1f84340ad03569d1c929d5) Importer(815301076,1909f56bfc062723c751e8b465ee728b)
Start importing Assets/models/kvartira/kuxnya/Kuxonaya_plita/T_House_Atlas_03_NRM.png using Guid(49c63507cb1f84340ad03569d1c929d5) Importer(815301076,1909f56bfc062723c751e8b465ee728b) (PreviewImporter) -> (artifact id: '35fb8018ad4a29b0867112a31f4916df') in 0.0172281 seconds
Number of updated asset objects reloaded before import = 0Number of asset objects unloaded after import = 2

========================================================================
Received Import Request.
  Time since last request: 79.113825 seconds.
  path: Assets/models/kvartira/kuxnya/table/Table_Up_albedo.jpg
  artifactKey: Guid(5f5a67dc30fc0544fb6ad6c2232bdf26) Importer(815301076,1909f56bfc062723c751e8b465ee728b)
Start importing Assets/models/kvartira/kuxnya/table/Table_Up_albedo.jpg using Guid(5f5a67dc30fc0544fb6ad6c2232bdf26) Importer(815301076,1909f56bfc062723c751e8b465ee728b) (PreviewImporter) -> (artifact id: '1f97855fbe95e780ba8982a2b720a9f9') in 0.0163436 seconds
Number of updated asset objects reloaded before import = 0Number of asset objects unloaded after import = 2

========================================================================
Received Import Request.
  Time since last request: 0.000014 seconds.
  path: Assets/models/kvartira/kuxnya/table/Table_Up_normal.png
  artifactKey: Guid(0c4cb731f3cde0d40a4f642adee41e37) Importer(815301076,1909f56bfc062723c751e8b465ee728b)
Start importing Assets/models/kvartira/kuxnya/table/Table_Up_normal.png using Guid(0c4cb731f3cde0d40a4f642adee41e37) Importer(815301076,1909f56bfc062723c751e8b465ee728b) (PreviewImporter) -> (artifact id: '9958ff0726e56e3cb5034d1bea1b9ce2') in 0.0170857 seconds
Number of updated asset objects reloaded before import = 0Number of asset objects unloaded after import = 2

========================================================================
Received Import Request.
  Time since last request: 0.000017 seconds.
  path: Assets/models/kvartira/kuxnya/table/Table_Up_roughness.jpg
  artifactKey: Guid(22911e416fd7a7849bdb451ddd110b19) Importer(815301076,1909f56bfc062723c751e8b465ee728b)
Start importing Assets/models/kvartira/kuxnya/table/Table_Up_roughness.jpg using Guid(22911e416fd7a7849bdb451ddd110b19) Importer(815301076,1909f56bfc062723c751e8b465ee728b) (PreviewImporter) -> (artifact id: '75211ff0850df0fbac0ab43940ab6d32') in 0.0147636 seconds
Number of updated asset objects reloaded before import = 0Number of asset objects unloaded after import = 2

========================================================================
Received Import Request.
  Time since last request: 99.521436 seconds.
  path: Assets/models/kvartira/kuxnya/prostinya/Material_001_normal.png
  artifactKey: Guid(efec6b9acd77a14498e4f02cad4d49ed) Importer(815301076,1909f56bfc062723c751e8b465ee728b)
Start importing Assets/models/kvartira/kuxnya/prostinya/Material_001_normal.png using Guid(efec6b9acd77a14498e4f02cad4d49ed) Importer(815301076,1909f56bfc062723c751e8b465ee728b) (PreviewImporter) -> (artifact id: '1369ad3cebd57c9e896f73db6ba3d651') in 0.0169332 seconds
Number of updated asset objects reloaded before import = 0Number of asset objects unloaded after import = 2

========================================================================
Received Import Request.
  Time since last request: 0.000022 seconds.
  path: Assets/models/kvartira/kuxnya/prostinya/Material_001_roughness.jpeg
  artifactKey: Guid(12581a7e40e95d446bb17848ba37c94f) Importer(815301076,1909f56bfc062723c751e8b465ee728b)
Start importing Assets/models/kvartira/kuxnya/prostinya/Material_001_roughness.jpeg using Guid(12581a7e40e95d446bb17848ba37c94f) Importer(815301076,1909f56bfc062723c751e8b465ee728b) (PreviewImporter) -> (artifact id: '2d2065101362091209693c14bcff07e6') in 0.0184346 seconds
Number of updated asset objects reloaded before import = 0Number of asset objects unloaded after import = 2

========================================================================
Received Import Request.
  Time since last request: 74.612252 seconds.
  path: Assets/models/kvartira/kuxnya/stul/Sedushka_normal.png
  artifactKey: Guid(7b363467f93aa154898cef613b3eeae9) Importer(815301076,1909f56bfc062723c751e8b465ee728b)
Start importing Assets/models/kvartira/kuxnya/stul/Sedushka_normal.png using Guid(7b363467f93aa154898cef613b3eeae9) Importer(815301076,1909f56bfc062723c751e8b465ee728b) (PreviewImporter) -> (artifact id: '84af4e1bd66bce9cf8f7154882cafeb1') in 0.0159602 seconds
Number of updated asset objects reloaded before import = 0Number of asset objects unloaded after import = 2

========================================================================
Received Import Request.
  Time since last request: 0.000045 seconds.
  path: Assets/models/kvartira/kuxnya/stul/stul.fbx
  artifactKey: Guid(4e682e4adf718274dbeefebb77861a08) Importer(815301076,1909f56bfc062723c751e8b465ee728b)
Start importing Assets/models/kvartira/kuxnya/stul/stul.fbx using Guid(4e682e4adf718274dbeefebb77861a08) Importer(815301076,1909f56bfc062723c751e8b465ee728b) (PreviewImporter) -> (artifact id: 'b4a4fd036dd5b96b6d4ff8c15bf50037') in 0.0284354 seconds
Number of updated asset objects reloaded before import = 0Number of asset objects unloaded after import = 9

========================================================================
Received Import Request.
  Time since last request: 432.256805 seconds.
  path: Assets/models/kvartira/kuxnya/byxlo/Cut_side_1_normal.png
  artifactKey: Guid(32f8a11250771b142b88f55f6d20caa4) Importer(815301076,1909f56bfc062723c751e8b465ee728b)
Start importing Assets/models/kvartira/kuxnya/byxlo/Cut_side_1_normal.png using Guid(32f8a11250771b142b88f55f6d20caa4) Importer(815301076,1909f56bfc062723c751e8b465ee728b) (PreviewImporter) -> (artifact id: '980f3ddedbf91e1bff3e35a0ae8242af') in 0.0185966 seconds
Number of updated asset objects reloaded before import = 0Number of asset objects unloaded after import = 2

========================================================================
Received Import Request.
  Time since last request: 0.000019 seconds.
  path: Assets/models/kvartira/kuxnya/byxlo/Cut_side_2_albedo.jpeg
  artifactKey: Guid(c57d5870098e4eb4497fc816e5f270f7) Importer(815301076,1909f56bfc062723c751e8b465ee728b)
Start importing Assets/models/kvartira/kuxnya/byxlo/Cut_side_2_albedo.jpeg using Guid(c57d5870098e4eb4497fc816e5f270f7) Importer(815301076,1909f56bfc062723c751e8b465ee728b) (PreviewImporter) -> (artifact id: '9b2f352a728b2787c177d1841d6d3235') in 0.0180159 seconds
Number of updated asset objects reloaded before import = 0Number of asset objects unloaded after import = 2

========================================================================
Received Import Request.
  Time since last request: 0.000019 seconds.
  path: Assets/models/kvartira/kuxnya/byxlo/Kolbasa_peel_roughness.jpeg
  artifactKey: Guid(48356b6d7bc1ac345a985b98e3650495) Importer(815301076,1909f56bfc062723c751e8b465ee728b)
Start importing Assets/models/kvartira/kuxnya/byxlo/Kolbasa_peel_roughness.jpeg using Guid(48356b6d7bc1ac345a985b98e3650495) Importer(815301076,1909f56bfc062723c751e8b465ee728b) (PreviewImporter) -> (artifact id: '15c54aacad154918abc8a9a6024c9bc9') in 0.0158216 seconds
Number of updated asset objects reloaded before import = 0Number of asset objects unloaded after import = 2

========================================================================
Received Import Request.
  Time since last request: 0.000022 seconds.
  path: Assets/models/kvartira/kuxnya/byxlo/Kolbasa_cutted_albedo.jpeg
  artifactKey: Guid(1ab6094233f035641be0388d7480bec3) Importer(815301076,1909f56bfc062723c751e8b465ee728b)
Start importing Assets/models/kvartira/kuxnya/byxlo/Kolbasa_cutted_albedo.jpeg using Guid(1ab6094233f035641be0388d7480bec3) Importer(815301076,1909f56bfc062723c751e8b465ee728b) (PreviewImporter) -> (artifact id: '9d36f4923d6a03ce8f38c61f701424b7') in 0.0178306 seconds
Number of updated asset objects reloaded before import = 0Number of asset objects unloaded after import = 2

========================================================================
Received Import Request.
  Time since last request: 0.000021 seconds.
  path: Assets/models/kvartira/kuxnya/byxlo/Kolbasa_peel_albedo.jpeg
  artifactKey: Guid(3b35ce3f06131904aa7b8c63428bd1ea) Importer(815301076,1909f56bfc062723c751e8b465ee728b)
Start importing Assets/models/kvartira/kuxnya/byxlo/Kolbasa_peel_albedo.jpeg using Guid(3b35ce3f06131904aa7b8c63428bd1ea) Importer(815301076,1909f56bfc062723c751e8b465ee728b) (PreviewImporter) -> (artifact id: '143bd3e0bf8ab6ba6a9254445fb44f19') in 0.0177784 seconds
Number of updated asset objects reloaded before import = 0Number of asset objects unloaded after import = 2

========================================================================
Received Import Request.
  Time since last request: 0.000033 seconds.
  path: Assets/models/kvartira/kuxnya/byxlo/Vodla_Logo_albedo.jpeg
  artifactKey: Guid(2a5d4874c60d18e419d0077339addbd1) Importer(815301076,1909f56bfc062723c751e8b465ee728b)
Start importing Assets/models/kvartira/kuxnya/byxlo/Vodla_Logo_albedo.jpeg using Guid(2a5d4874c60d18e419d0077339addbd1) Importer(815301076,1909f56bfc062723c751e8b465ee728b) (PreviewImporter) -> (artifact id: 'dacaeb6e1c2d1e16a11ff0d96236e972') in 0.0168523 seconds
Number of updated asset objects reloaded before import = 0Number of asset objects unloaded after import = 2

========================================================================
Received Import Request.
  Time since last request: 0.000019 seconds.
  path: Assets/models/kvartira/kuxnya/byxlo/Material_007_albedo.jpeg
  artifactKey: Guid(c6d5367993fa8a1409d2a500c7f962a1) Importer(815301076,1909f56bfc062723c751e8b465ee728b)
Start importing Assets/models/kvartira/kuxnya/byxlo/Material_007_albedo.jpeg using Guid(c6d5367993fa8a1409d2a500c7f962a1) Importer(815301076,1909f56bfc062723c751e8b465ee728b) (PreviewImporter) -> (artifact id: '5855e1812d6a251cae1ee77128e0fcd9') in 0.0189846 seconds
Number of updated asset objects reloaded before import = 0Number of asset objects unloaded after import = 2

========================================================================
Received Import Request.
  Time since last request: 0.000022 seconds.
  path: Assets/models/kvartira/kuxnya/byxlo/Wood_albedo.jpeg
  artifactKey: Guid(e046fe8999a49304abcbc0accde9c25d) Importer(815301076,1909f56bfc062723c751e8b465ee728b)
Start importing Assets/models/kvartira/kuxnya/byxlo/Wood_albedo.jpeg using Guid(e046fe8999a49304abcbc0accde9c25d) Importer(815301076,1909f56bfc062723c751e8b465ee728b) (PreviewImporter) -> (artifact id: '8953ffefeca2a3d97286ff837f771a56') in 0.017591 seconds
Number of updated asset objects reloaded before import = 0Number of asset objects unloaded after import = 2

========================================================================
Received Import Request.
  Time since last request: 0.000022 seconds.
  path: Assets/models/kvartira/kuxnya/byxlo/Wood_roughness.jpeg
  artifactKey: Guid(59a8e513e9fe6e640adec79aad15b8be) Importer(815301076,1909f56bfc062723c751e8b465ee728b)
Start importing Assets/models/kvartira/kuxnya/byxlo/Wood_roughness.jpeg using Guid(59a8e513e9fe6e640adec79aad15b8be) Importer(815301076,1909f56bfc062723c751e8b465ee728b) (PreviewImporter) -> (artifact id: 'dc233527de0e9bc7fb3be81e8d196861') in 0.0167598 seconds
Number of updated asset objects reloaded before import = 0Number of asset objects unloaded after import = 2

========================================================================
Received Import Request.
  Time since last request: 0.000017 seconds.
  path: Assets/models/kvartira/kuxnya/byxlo/Material_007_normal.png
  artifactKey: Guid(d8b95bbbeed1bd5448a82ae2633eed78) Importer(815301076,1909f56bfc062723c751e8b465ee728b)
Start importing Assets/models/kvartira/kuxnya/byxlo/Material_007_normal.png using Guid(d8b95bbbeed1bd5448a82ae2633eed78) Importer(815301076,1909f56bfc062723c751e8b465ee728b) (PreviewImporter) -> (artifact id: '8938252221775cff36f95072f19b4f4c') in 0.0153224 seconds
Number of updated asset objects reloaded before import = 0Number of asset objects unloaded after import = 2

========================================================================
Received Import Request.
  Time since last request: 0.000043 seconds.
  path: Assets/models/kvartira/kuxnya/byxlo/Kolbasa_cutted_normal.png
  artifactKey: Guid(f146f55fb645d0144b25f46f93946e03) Importer(815301076,1909f56bfc062723c751e8b465ee728b)
Start importing Assets/models/kvartira/kuxnya/byxlo/Kolbasa_cutted_normal.png using Guid(f146f55fb645d0144b25f46f93946e03) Importer(815301076,1909f56bfc062723c751e8b465ee728b) (PreviewImporter) -> (artifact id: '4401c5318b0dbc7d56993f30b89bbe49') in 0.01546 seconds
Number of updated asset objects reloaded before import = 0Number of asset objects unloaded after import = 2

========================================================================
Received Import Request.
  Time since last request: 0.000018 seconds.
  path: Assets/models/kvartira/kuxnya/byxlo/Cut_side_2_roughness.jpeg
  artifactKey: Guid(e3ed9c781af7ed04f901225acb80479f) Importer(815301076,1909f56bfc062723c751e8b465ee728b)
Start importing Assets/models/kvartira/kuxnya/byxlo/Cut_side_2_roughness.jpeg using Guid(e3ed9c781af7ed04f901225acb80479f) Importer(815301076,1909f56bfc062723c751e8b465ee728b) (PreviewImporter) -> (artifact id: '3f810df4257344a395e710c4fe9d4595') in 0.0142652 seconds
Number of updated asset objects reloaded before import = 0Number of asset objects unloaded after import = 2

========================================================================
Received Import Request.
  Time since last request: 0.000019 seconds.
  path: Assets/models/kvartira/kuxnya/byxlo/Vodka_Glass_Bottle_roughness.jpeg
  artifactKey: Guid(11aa4cce13ba2324688331d0b691d615) Importer(815301076,1909f56bfc062723c751e8b465ee728b)
Start importing Assets/models/kvartira/kuxnya/byxlo/Vodka_Glass_Bottle_roughness.jpeg using Guid(11aa4cce13ba2324688331d0b691d615) Importer(815301076,1909f56bfc062723c751e8b465ee728b) (PreviewImporter) -> (artifact id: '779b7ff3abfa2b1a398dd145145768fd') in 0.0153353 seconds
Number of updated asset objects reloaded before import = 0Number of asset objects unloaded after import = 2

========================================================================
Received Import Request.
  Time since last request: 234.164047 seconds.
  path: Assets/models/kvartira/kuxnya/byxlo/New Material 1.mat
  artifactKey: Guid(561d476ab28c0e646ad43a1c7d461bed) Importer(815301076,1909f56bfc062723c751e8b465ee728b)
Start importing Assets/models/kvartira/kuxnya/byxlo/New Material 1.mat using Guid(561d476ab28c0e646ad43a1c7d461bed) Importer(815301076,1909f56bfc062723c751e8b465ee728b) (PreviewImporter) -> (artifact id: 'e0b8b3deaa122db236e92c2b4c0a9bdd') in 0.0253286 seconds
Number of updated asset objects reloaded before import = 0Number of asset objects unloaded after import = 4

========================================================================
Received Prepare
Begin MonoManager ReloadAssembly
- Loaded All Assemblies, in  0.716 seconds
Refreshing native plugins compatible for Editor in 1.56 ms, found 3 plugins.
Native extension for WindowsStandalone target not found
Native extension for WebGL target not found
Mono: successfully reloaded assembly
- Finished resetting the current domain, in  0.707 seconds
Domain Reload Profiling: 1421ms
	BeginReloadAssembly (229ms)
		ExecutionOrderSort (0ms)
		DisableScriptedObjects (6ms)
		BackupInstance (0ms)
		ReleaseScriptingObjects (0ms)
		CreateAndSetChildDomain (47ms)
	RebuildCommonClasses (44ms)
	RebuildNativeTypeToScriptingClass (18ms)
	initialDomainReloadingComplete (30ms)
	LoadAllAssembliesAndSetupDomain (392ms)
		LoadAssemblies (355ms)
		RebuildTransferFunctionScriptingTraits (0ms)
		AnalyzeDomain (169ms)
			TypeCache.Refresh (6ms)
				TypeCache.ScanAssembly (0ms)
			BuildScriptInfoCaches (154ms)
			ResolveRequiredComponents (5ms)
	FinalizeReload (708ms)
		ReleaseScriptCaches (0ms)
		RebuildScriptCaches (0ms)
		SetupLoadedEditorAssemblies (572ms)
			LogAssemblyErrors (0ms)
			InitializePlatformSupportModulesInManaged (4ms)
			SetLoadedEditorAssemblies (5ms)
			BeforeProcessingInitializeOnLoad (109ms)
			ProcessInitializeOnLoadAttributes (414ms)
			ProcessInitializeOnLoadMethodAttributes (33ms)
			AfterProcessingInitializeOnLoad (7ms)
			EditorAssembliesLoaded (0ms)
		ExecutionOrderSort2 (0ms)
		AwakeInstancesAfterBackupRestoration (6ms)
Refreshing native plugins compatible for Editor in 1.27 ms, found 3 plugins.
Preloading 0 native plugins for Editor in 0.00 ms.
Unloading 1 Unused Serialized files (Serialized files now loaded: 0)
Unloading 3695 unused Assets / (1.3 MB). Loaded Objects now: 4236.
Memory consumption went from 86.9 MB to 85.6 MB.
Total: 6.757300 ms (FindLiveObjects: 0.412300 ms CreateObjectMapping: 0.614300 ms MarkObjects: 4.296700 ms  DeleteObjects: 1.433000 ms)

Prepare: number of updated asset objects reloaded= 0
